<?xml version="1.0" encoding="UTF-8"?>
<!-- Generated by org.testng.reporters.JUnitReportReporter -->
<testsuite skipped="0" hostname="QJ07305277" name="com.murali.pom.helper.LoggerHelper" tests="1" failures="0" timestamp="2020-08-23T18:52:27 CDT" time="0.014" errors="0">
  <testcase name="checkGetLogger" time="0.014" classname="com.murali.pom.helper.LoggerHelper"/>
</testsuite> <!-- com.murali.pom.helper.LoggerHelper -->
