<?xml version="1.0" encoding="UTF-8"?>
<!-- Generated by org.testng.reporters.JUnitReportReporter -->
<testsuite skipped="0" hostname="QJ07305277" name="com.murali.pom.helper.ResourceHelper" tests="1" failures="0" timestamp="2020-08-23T00:18:30 CDT" time="0.010" errors="0">
  <testcase name="checkResourcePath" time="0.010" classname="com.murali.pom.helper.ResourceHelper"/>
</testsuite> <!-- com.murali.pom.helper.ResourceHelper -->
