<?xml version="1.0" encoding="UTF-8"?>
<!-- Generated by org.testng.reporters.JUnitReportReporter -->
<testsuite skipped="0" hostname="QJ07305277" name="com.murali.pom.tests.TestScreenshot" tests="1" failures="0" timestamp="2020-08-24T13:21:12 CDT" time="1.947" errors="0">
  <testcase name="testSCreenshot" time="1.947" classname="com.murali.pom.tests.TestScreenshot"/>
</testsuite> <!-- com.murali.pom.tests.TestScreenshot -->
